c:\users\zswailq\desktop\数据结构实践\huffman tree\huffman tree\debug\vc141.pdb
c:\users\zswailq\desktop\数据结构实践\huffman tree\huffman tree\debug\vc141.idb
c:\users\zswailq\desktop\数据结构实践\huffman tree\huffman tree\debug\源.obj
c:\users\zswailq\desktop\数据结构实践\huffman tree\huffman tree\debug\comandex.obj
c:\users\zswailq\desktop\数据结构实践\huffman tree\debug\huffman tree.exe
c:\users\zswailq\desktop\数据结构实践\huffman tree\debug\huffman tree.ilk
c:\users\zswailq\desktop\数据结构实践\huffman tree\debug\huffman tree.pdb
d:\已结课\数据结构实践\huffman tree\huffman tree\debug\comandex.obj
d:\已结课\数据结构实践\huffman tree\huffman tree\debug\minheap.obj
d:\已结课\数据结构实践\huffman tree\huffman tree\debug\源.obj
d:\已结课\数据结构实践\huffman tree\huffman tree\debug\vc141.idb
d:\已结课\数据结构实践\huffman tree\huffman tree\debug\vc141.pdb
d:\已结课\数据结构实践\huffman tree\debug\huffman tree.pdb
d:\已结课\数据结构实践\huffman tree\debug\huffman tree.exe
d:\已结课\数据结构实践\huffman tree\debug\huffman tree.ilk
d:\已结课\数据结构实践\huffman tree\huffman tree\debug\huffman tree.tlog\cl.command.1.tlog
d:\已结课\数据结构实践\huffman tree\huffman tree\debug\huffman tree.tlog\cl.read.1.tlog
d:\已结课\数据结构实践\huffman tree\huffman tree\debug\huffman tree.tlog\cl.write.1.tlog
d:\已结课\数据结构实践\huffman tree\huffman tree\debug\huffman tree.tlog\link.command.1.tlog
d:\已结课\数据结构实践\huffman tree\huffman tree\debug\huffman tree.tlog\link.read.1.tlog
d:\已结课\数据结构实践\huffman tree\huffman tree\debug\huffman tree.tlog\link.write.1.tlog
